<?xml version="1.0" encoding="UTF-8"?>
<!-- Generated by org.testng.reporters.JUnitXMLReporter -->
<testsuite hostname="Manish" name="Command line test" tests="8" failures="0" timestamp="20 Dec 2018 17:05:49 GMT" time="232.152" errors="0">
  <testcase name="contactsPageLable" time="1.506" classname="com.crm.a.testcases.ContactsPageTest"/>
  <testcase name="verifyHomePageTitleTest" time="1.778" classname="com.crm.a.testcases.HomePageTest"/>
  <testcase name="loginPageTitleTest" time="0.049" classname="com.crm.a.testcases.LoginPageTest"/>
  <testcase name="selectContactsTest" time="1.569" classname="com.crm.a.testcases.ContactsPageTest"/>
  <testcase name="verifyUserNameTest" time="9.654" classname="com.crm.a.testcases.HomePageTest"/>
  <testcase name="CRMLogoImageTest" time="0.173" classname="com.crm.a.testcases.LoginPageTest"/>
  <testcase name="verifyContactLink" time="8.76" classname="com.crm.a.testcases.HomePageTest"/>
  <testcase name="loginTest" time="1.493" classname="com.crm.a.testcases.LoginPageTest"/>
</testsuite> <!-- Command line test -->
