<?xml version="1.0" encoding="UTF-8" ?>
<testsuite tests="8" failures="0" name="TestSuite" time="24.989" errors="0" skipped="0">
  <properties>
[...]
</properties>
  <testcase classname="com.crm.a.testcases.ContactsPageTest" name="contactsPageLable" time="1.509"/>
  <testcase classname="com.crm.a.testcases.HomePageTest" name="verifyHomePageTitleTest" time="1.779"/>
  <testcase classname="com.crm.a.testcases.LoginPageTest" name="loginPageTitleTest" time="0.051"/>
  <testcase classname="com.crm.a.testcases.ContactsPageTest" name="selectContactsTest" time="1.569"/>
  <testcase classname="com.crm.a.testcases.HomePageTest" name="verifyUserNameTest" time="9.653"/>
  <testcase classname="com.crm.a.testcases.LoginPageTest" name="CRMLogoImageTest" time="0.173"/>
  <testcase classname="com.crm.a.testcases.HomePageTest" name="verifyContactLink" time="8.76"/>
  <testcase classname="com.crm.a.testcases.LoginPageTest" name="loginTest" time="1.495"/>
</testsuite>